#
# There is insufficient memory for the Java Runtime Environment to continue.
# Native memory allocation (mmap) failed to map 121634816 bytes. Error detail: G1 virtual space
# Possible reasons:
#   The system is out of physical RAM or swap space
#   This process is running with CompressedOops enabled, and the Java Heap may be blocking the growth of the native heap
# Possible solutions:
#   Reduce memory load on the system
#   Increase physical memory or swap space
#   Check if swap backing store is full
#   Decrease Java heap size (-Xmx/-Xms)
#   Decrease number of Java threads
#   Decrease Java thread stack sizes (-Xss)
#   Set larger code cache with -XX:ReservedCodeCacheSize=
#   JVM is running with Unscaled Compressed Oops mode in which the Java heap is
#     placed in the first 4GB address space. The Java Heap base address is the
#     maximum limit for the native heap growth. Please use -XX:HeapBaseMinAddress
#     to set the Java Heap base and to place the Java Heap above 4GB virtual address.
# This output file may be truncated or incomplete.
#
#  Out of Memory Error (os_windows.cpp:3613), pid=91016, tid=111532
#
# JRE version:  (17.0.11+9) (build )
# Java VM: OpenJDK 64-Bit Server VM (17.0.11+9-LTS, mixed mode, emulated-client, sharing, tiered, compressed oops, compressed class ptrs, g1 gc, windows-amd64)
# No core dump will be written. Minidumps are not enabled by default on client versions of Windows
#

---------------  S U M M A R Y ------------

Command Line: -XX:TieredStopAtLevel=1 -Dspring.output.ansi.enabled=always -Dcom.sun.management.jmxremote -Dspring.jmx.enabled=true -Dspring.liveBeansView.mbeanDomain -Dspring.application.admin.enabled=true -Dmanagement.endpoints.jmx.exposure.include=* -javaagent:C:\Program Files\JetBrains\IntelliJ IDEA 2022.3.3\lib\idea_rt.jar=57504:C:\Program Files\JetBrains\IntelliJ IDEA 2022.3.3\bin -Dfile.encoding=UTF-8 id.co.astratech.tugas1_agit_muhamadJilbran.Tugas1AgitDickymuzakkiApplication

Host: AMD Ryzen 5 7520U with Radeon Graphics         , 8 cores, 7G,  Windows 10 , 64 bit Build 19041 (10.0.19041.3636)
Time: Fri Jun 21 14:08:34 2024 SE Asia Standard Time elapsed time: 0.023193 seconds (0d 0h 0m 0s)

---------------  T H R E A D  ---------------

Current thread (0x0000024785cb6fd0):  JavaThread "Unknown thread" [_thread_in_vm, id=111532, stack(0x00000052d5f00000,0x00000052d6000000)]

Stack: [0x00000052d5f00000,0x00000052d6000000]
Native frames: (J=compiled Java code, j=interpreted, Vv=VM code, C=native code)
V  [jvm.dll+0x67d009]
V  [jvm.dll+0x83489a]
V  [jvm.dll+0x83635e]
V  [jvm.dll+0x8369c3]
V  [jvm.dll+0x2479df]
V  [jvm.dll+0x679e49]
V  [jvm.dll+0x66e8ba]
V  [jvm.dll+0x30755b]
V  [jvm.dll+0x30ea06]
V  [jvm.dll+0x35e40e]
V  [jvm.dll+0x35e63f]
V  [jvm.dll+0x2de298]
V  [jvm.dll+0x2df204]
V  [jvm.dll+0x806221]
V  [jvm.dll+0x36c161]
V  [jvm.dll+0x7e4c56]
V  [jvm.dll+0x3ef9cf]
V  [jvm.dll+0x3f1521]
C  [jli.dll+0x528f]
C  [ucrtbase.dll+0x21bb2]
C  [KERNEL32.DLL+0x17344]
C  [ntdll.dll+0x4cc91]


---------------  P R O C E S S  ---------------

Threads class SMR info:
_java_thread_list=0x00007ff81c23eed8, length=0, elements={
}

Java Threads: ( => current thread )

Other Threads:
  0x0000024785d0c8d0 GCTaskThread "GC Thread#0" [stack: 0x00000052d6000000,0x00000052d6100000] [id=105604]
  0x0000024785d1bfe0 ConcurrentGCThread "G1 Main Marker" [stack: 0x00000052d6100000,0x00000052d6200000] [id=111464]
  0x0000024785d1ca00 ConcurrentGCThread "G1 Conc#0" [stack: 0x00000052d6200000,0x00000052d6300000] [id=108560]

[error occurred during error reporting (printing all threads), id 0xc0000005, EXCEPTION_ACCESS_VIOLATION (0xc0000005) at pc=0x00007ff81b9fecd7]

VM state: not at safepoint (not fully initialized)

VM Mutex/Monitor currently owned by a thread:  ([mutex/lock_event])
[0x0000024785cb3370] Heap_lock - owner thread: 0x0000024785cb6fd0

Heap address: 0x000000008c200000, size: 1854 MB, Compressed Oops mode: 32-bit

CDS archive(s) mapped at: [0x0000000000000000-0x0000000000000000-0x0000000000000000), size 0, SharedBaseAddress: 0x0000000800000000, ArchiveRelocationMode: 1.
Narrow klass base: 0x0000000000000000, Narrow klass shift: 0, Narrow klass range: 0x0

GC Precious Log:
<Empty>

Heap:
 garbage-first heap   total 0K, used 0K [0x000000008c200000, 0x0000000100000000)
  region size 1024K, 0 young (0K), 0 survivors (0K)

[error occurred during error reporting (printing heap information), id 0xc0000005, EXCEPTION_ACCESS_VIOLATION (0xc0000005) at pc=0x00007ff81bde6d29]

GC Heap History (0 events):
No events

Dll operation events (1 events):
Event: 0.015 Loaded shared library C:\Users\jil\.jdks\corretto-17.0.11\bin\java.dll

Deoptimization events (0 events):
No events

Classes unloaded (0 events):
No events

Classes redefined (0 events):
No events

Internal exceptions (0 events):
No events

VM Operations (0 events):
No events

Events (0 events):
No events


Dynamic libraries:
0x00007ff6bd880000 - 0x00007ff6bd88e000 	C:\Users\jil\.jdks\corretto-17.0.11\bin\java.exe
0x00007ff868590000 - 0x00007ff868788000 	C:\Windows\SYSTEM32\ntdll.dll
0x00007ff867280000 - 0x00007ff86733d000 	C:\Windows\System32\KERNEL32.DLL
0x00007ff865d90000 - 0x00007ff866086000 	C:\Windows\System32\KERNELBASE.dll
0x00007ff866190000 - 0x00007ff866290000 	C:\Windows\System32\ucrtbase.dll
0x00007ff8477f0000 - 0x00007ff847807000 	C:\Users\jil\.jdks\corretto-17.0.11\bin\jli.dll
0x00007ff847810000 - 0x00007ff84782b000 	C:\Users\jil\.jdks\corretto-17.0.11\bin\VCRUNTIME140.dll
0x00007ff868310000 - 0x00007ff8684af000 	C:\Windows\System32\USER32.dll
0x00007ff866290000 - 0x00007ff8662b2000 	C:\Windows\System32\win32u.dll
0x00007ff849e50000 - 0x00007ff84a0ea000 	C:\Windows\WinSxS\amd64_microsoft.windows.common-controls_6595b64144ccf1df_6.0.19041.4355_none_60b8b9eb71f62e16\COMCTL32.dll
0x00007ff866a50000 - 0x00007ff866a7b000 	C:\Windows\System32\GDI32.dll
0x00007ff866b10000 - 0x00007ff866bae000 	C:\Windows\System32\msvcrt.dll
0x00007ff866350000 - 0x00007ff866467000 	C:\Windows\System32\gdi32full.dll
0x00007ff865c80000 - 0x00007ff865d1d000 	C:\Windows\System32\msvcp_win.dll
0x00007ff866e40000 - 0x00007ff866e6f000 	C:\Windows\System32\IMM32.DLL
0x00007ff854950000 - 0x00007ff85495c000 	C:\Users\jil\.jdks\corretto-17.0.11\bin\vcruntime140_1.dll
0x00007ff83d060000 - 0x00007ff83d0ed000 	C:\Users\jil\.jdks\corretto-17.0.11\bin\msvcp140.dll
0x00007ff81b710000 - 0x00007ff81c372000 	C:\Users\jil\.jdks\corretto-17.0.11\bin\server\jvm.dll
0x00007ff867460000 - 0x00007ff867510000 	C:\Windows\System32\ADVAPI32.dll
0x00007ff8684b0000 - 0x00007ff868550000 	C:\Windows\System32\sechost.dll
0x00007ff866f90000 - 0x00007ff8670b3000 	C:\Windows\System32\RPCRT4.dll
0x00007ff865c50000 - 0x00007ff865c77000 	C:\Windows\System32\bcrypt.dll
0x00007ff8659f0000 - 0x00007ff865a3b000 	C:\Windows\SYSTEM32\POWRPROF.dll
0x00007ff85fac0000 - 0x00007ff85fac9000 	C:\Windows\SYSTEM32\WSOCK32.dll
0x00007ff84b400000 - 0x00007ff84b427000 	C:\Windows\SYSTEM32\WINMM.dll
0x00007ff8673f0000 - 0x00007ff86745b000 	C:\Windows\System32\WS2_32.dll
0x00007ff85d010000 - 0x00007ff85d01a000 	C:\Windows\SYSTEM32\VERSION.dll
0x00007ff8659d0000 - 0x00007ff8659e2000 	C:\Windows\SYSTEM32\UMPDC.dll
0x00007ff863ab0000 - 0x00007ff863ac2000 	C:\Windows\SYSTEM32\kernel.appcore.dll
0x00007ff8469c0000 - 0x00007ff8469ca000 	C:\Users\jil\.jdks\corretto-17.0.11\bin\jimage.dll
0x00007ff85e6d0000 - 0x00007ff85e8b4000 	C:\Windows\SYSTEM32\DBGHELP.DLL
0x00007ff85d360000 - 0x00007ff85d394000 	C:\Windows\SYSTEM32\dbgcore.DLL
0x00007ff8662c0000 - 0x00007ff866342000 	C:\Windows\System32\bcryptPrimitives.dll
0x00007ff840d00000 - 0x00007ff840d0e000 	C:\Users\jil\.jdks\corretto-17.0.11\bin\instrument.dll
0x00007ff8463e0000 - 0x00007ff846405000 	C:\Users\jil\.jdks\corretto-17.0.11\bin\java.dll

dbghelp: loaded successfully - version: 4.0.5 - missing functions: none
symbol engine: initialized successfully - sym options: 0x614 - pdb path: .;C:\Users\jil\.jdks\corretto-17.0.11\bin;C:\Windows\SYSTEM32;C:\Windows\WinSxS\amd64_microsoft.windows.common-controls_6595b64144ccf1df_6.0.19041.4355_none_60b8b9eb71f62e16;C:\Users\jil\.jdks\corretto-17.0.11\bin\server

VM Arguments:
jvm_args: -XX:TieredStopAtLevel=1 -Dspring.output.ansi.enabled=always -Dcom.sun.management.jmxremote -Dspring.jmx.enabled=true -Dspring.liveBeansView.mbeanDomain -Dspring.application.admin.enabled=true -Dmanagement.endpoints.jmx.exposure.include=* -javaagent:C:\Program Files\JetBrains\IntelliJ IDEA 2022.3.3\lib\idea_rt.jar=57504:C:\Program Files\JetBrains\IntelliJ IDEA 2022.3.3\bin -Dfile.encoding=UTF-8 
java_command: id.co.astratech.tugas1_agit_muhamadJilbran.Tugas1AgitDickymuzakkiApplication
java_class_path (initial): D:\Fyujin\Kuliah\PRG7\tugas1_agit_dickymuzakki-main\target\classes;C:\Users\jil\.m2\repository\org\springframework\boot\spring-boot-starter-amqp\3.3.0\spring-boot-starter-amqp-3.3.0.jar;C:\Users\jil\.m2\repository\org\springframework\boot\spring-boot-starter\3.3.0\spring-boot-starter-3.3.0.jar;C:\Users\jil\.m2\repository\org\springframework\boot\spring-boot-starter-logging\3.3.0\spring-boot-starter-logging-3.3.0.jar;C:\Users\jil\.m2\repository\ch\qos\logback\logback-classic\1.5.6\logback-classic-1.5.6.jar;C:\Users\jil\.m2\repository\ch\qos\logback\logback-core\1.5.6\logback-core-1.5.6.jar;C:\Users\jil\.m2\repository\org\apache\logging\log4j\log4j-to-slf4j\2.23.1\log4j-to-slf4j-2.23.1.jar;C:\Users\jil\.m2\repository\org\apache\logging\log4j\log4j-api\2.23.1\log4j-api-2.23.1.jar;C:\Users\jil\.m2\repository\org\slf4j\jul-to-slf4j\2.0.13\jul-to-slf4j-2.0.13.jar;C:\Users\jil\.m2\repository\jakarta\annotation\jakarta.annotation-api\2.1.1\jakarta.annotation-api-2.1.1.jar;C:\Users\jil\.m2\repository\org\yaml\snakeyaml\2.2\snakeyaml-2.2.jar;C:\Users\jil\.m2\repository\org\springframework\spring-messaging\6.1.8\spring-messaging-6.1.8.jar;C:\Users\jil\.m2\repository\org\springframework\spring-beans\6.1.8\spring-beans-6.1.8.jar;C:\Users\jil\.m2\repository\org\springframework\amqp\spring-rabbit\3.1.5\spring-rabbit-3.1.5.jar;C:\Users\jil\.m2\repository\org\springframework\amqp\spring-amqp\3.1.5\spring-amqp-3.1.5.jar;C:\Users\jil\.m2\repository\org\springframework\retry\spring-retry\2.0.6\spring-retry-2.0.6.jar;C:\Users\jil\.m2\repository\com\rabbitmq\amqp-client\5.21.0\amqp-client-5.21.0.jar;C:\Users\jil\.m2\repository\org\springframework\spring-context\6.1.8\spring-context-6.1.8.jar;C:\Users\jil\.m2\repository\org\springframework\spring-tx\6.1.8\spring-tx-6.1.8.jar;C:\Users\jil\.m2\repository\io\micrometer\micrometer-observation\1.13.0\micrometer-observation-1.13.0.jar;C:\Users\jil\.m2\repository\io\micrometer\micrometer-commons\1.13.0\micrometer-com
Launcher Type: SUN_STANDARD

[Global flags]
     intx CICompilerCount                          = 4                                         {product} {ergonomic}
     uint ConcGCThreads                            = 2                                         {product} {ergonomic}
     uint G1ConcRefinementThreads                  = 8                                         {product} {ergonomic}
   size_t G1HeapRegionSize                         = 1048576                                   {product} {ergonomic}
    uintx GCDrainStackTargetSize                   = 64                                        {product} {ergonomic}
   size_t InitialHeapSize                          = 121634816                                 {product} {ergonomic}
     bool ManagementServer                         = true                                      {product} {command line}
   size_t MarkStackSize                            = 4194304                                   {product} {ergonomic}
   size_t MaxHeapSize                              = 1944059904                                {product} {ergonomic}
   size_t MinHeapDeltaBytes                        = 1048576                                   {product} {ergonomic}
   size_t MinHeapSize                              = 8388608                                   {product} {ergonomic}
    uintx NonProfiledCodeHeapSize                  = 0                                      {pd product} {ergonomic}
     bool ProfileInterpreter                       = false                                  {pd product} {command line}
    uintx ProfiledCodeHeapSize                     = 0                                      {pd product} {ergonomic}
   size_t SoftMaxHeapSize                          = 1944059904                             {manageable} {ergonomic}
     intx TieredStopAtLevel                        = 1                                         {product} {command line}
     bool UseCompressedClassPointers               = true                           {product lp64_product} {ergonomic}
     bool UseCompressedOops                        = true                           {product lp64_product} {ergonomic}
     bool UseG1GC                                  = true                                      {product} {ergonomic}
     bool UseLargePagesIndividualAllocation        = false                                  {pd product} {ergonomic}

Logging:
Log output configuration:
 #0: stdout all=warning uptime,level,tags
 #1: stderr all=off uptime,level,tags

Environment Variables:
PATH=C:\Windows\system32;C:\Windows;C:\Windows\System32\Wbem;C:\Windows\System32\WindowsPowerShell\v1.0\;C:\Windows\System32\OpenSSH\;C:\Program Files (x86)\Microsoft SQL Server\150\DTS\Binn\;C:\Program Files\Azure Data Studio\bin;C:\Program Files\Microsoft SQL Server\Client SDK\ODBC\170\Tools\Binn\;C:\Program Files (x86)\Microsoft SQL Server\150\Tools\Binn\;C:\Program Files\Microsoft SQL Server\150\Tools\Binn\;C:\Program Files\Microsoft SQL Server\150\DTS\Binn\;C:\Program Files\Git\cmd;C:\Program Files\nodejs\;C:\Users\jil\AppData\Local\Microsoft\WindowsApps;;C:\Program Files\Azure Data Studio\bin;C:\Users\jil\AppData\Local\Programs\Microsoft VS Code\bin;C:\Users\jil\AppData\Local\spicetify;C:\Program Files\JetBrains\IntelliJ IDEA 2022.3.3\bin;;C:\Users\jil\AppData\Local\Microsoft\WinGet\Packages\Schniz.fnm_Microsoft.Winget.Source_8wekyb3d8bbwe;C:\Users\jil\AppData\Roaming\npm
USERNAME=jil
OS=Windows_NT
PROCESSOR_IDENTIFIER=AMD64 Family 23 Model 160 Stepping 0, AuthenticAMD
TMP=C:\Users\jil\AppData\Local\Temp
TEMP=C:\Users\jil\AppData\Local\Temp



Periodic native trim disabled


---------------  S Y S T E M  ---------------

OS:
 Windows 10 , 64 bit Build 19041 (10.0.19041.3636)
OS uptime: 5 days 0:58 hours

CPU: total 8 (initial active 8) (8 cores per cpu, 2 threads per core) family 23 model 160 stepping 0 microcode 0x0, cx8, cmov, fxsr, ht, mmx, 3dnowpref, sse, sse2, sse3, ssse3, sse4a, sse4.1, sse4.2, popcnt, lzcnt, tsc, tscinvbit, avx, avx2, aes, clmul, bmi1, bmi2, adx, sha, fma, vzeroupper, clflush, clflushopt
Processor Information for all 8 processors :
  Max Mhz: 2801, Current Mhz: 2801, Mhz Limit: 2801

Memory: 4k page, system-wide physical 7412M (341M free)
TotalPageFile size 29940M (AvailPageFile size 58M)
current process WorkingSet (physical memory assigned to process): 10M, peak: 10M
current process commit charge ("private bytes"): 55M, peak: 171M

vm_info: OpenJDK 64-Bit Server VM (17.0.11+9-LTS) for windows-amd64 JRE (17.0.11+9-LTS), built on Apr 10 2024 22:12:24 by "Administrator" with MS VC++ 16.10 / 16.11 (VS2019)

END.
